生成启动时间为 2019/1/4 13:21:35。
     1>项目“G:\MJX\C\problem3链表\problem3链表\problem3链表.vcxproj”在节点 2 上(Build 个目标)。
     1>ClCompile:
         F:\软件库\VC\bin\CL.exe /c /ZI /nologo /W3 /WX- /Od /Oy- /D WIN32 /D _DEBUG /D _CONSOLE /D _LIB /D _UNICODE /D UNICODE /Gm /EHsc /RTC1 /MDd /GS /fp:precise /Zc:wchar_t /Zc:forScope /Fo"Debug\\" /Fd"Debug\vc120.pdb" /Gd /TC /analyze- /errorReport:prompt src.c
         src.c
     1>g:\mjx\c\problem3链表\problem3链表\src.c(150): warning C4996: 'scanf': This function or variable may be unsafe. Consider using scanf_s instead. To disable deprecation, use _CRT_SECURE_NO_WARNINGS. See online help for details.
                 f:\软件库\vc\include\stdio.h(283) : 参见“scanf”的声明
     1>g:\mjx\c\problem3链表\problem3链表\src.c(157): warning C4996: 'scanf': This function or variable may be unsafe. Consider using scanf_s instead. To disable deprecation, use _CRT_SECURE_NO_WARNINGS. See online help for details.
                 f:\软件库\vc\include\stdio.h(283) : 参见“scanf”的声明
     1>g:\mjx\c\problem3链表\problem3链表\src.c(161): warning C4996: 'scanf': This function or variable may be unsafe. Consider using scanf_s instead. To disable deprecation, use _CRT_SECURE_NO_WARNINGS. See online help for details.
                 f:\软件库\vc\include\stdio.h(283) : 参见“scanf”的声明
     1>g:\mjx\c\problem3链表\problem3链表\src.c(168): warning C4996: 'scanf': This function or variable may be unsafe. Consider using scanf_s instead. To disable deprecation, use _CRT_SECURE_NO_WARNINGS. See online help for details.
                 f:\软件库\vc\include\stdio.h(283) : 参见“scanf”的声明
     1>g:\mjx\c\problem3链表\problem3链表\src.c(176): warning C4996: 'scanf': This function or variable may be unsafe. Consider using scanf_s instead. To disable deprecation, use _CRT_SECURE_NO_WARNINGS. See online help for details.
                 f:\软件库\vc\include\stdio.h(283) : 参见“scanf”的声明
     1>g:\mjx\c\problem3链表\problem3链表\src.c(184): warning C4996: 'scanf': This function or variable may be unsafe. Consider using scanf_s instead. To disable deprecation, use _CRT_SECURE_NO_WARNINGS. See online help for details.
                 f:\软件库\vc\include\stdio.h(283) : 参见“scanf”的声明
       Link:
         F:\软件库\VC\bin\link.exe /ERRORREPORT:PROMPT /OUT:"G:\MJX\C\problem3链表\Debug\problem3链表.exe" /INCREMENTAL /NOLOGO kernel32.lib user32.lib gdi32.lib winspool.lib comdlg32.lib advapi32.lib shell32.lib ole32.lib oleaut32.lib uuid.lib odbc32.lib odbccp32.lib /MANIFEST /MANIFESTUAC:"level='asInvoker' uiAccess='false'" /manifest:embed /DEBUG /PDB:"G:\MJX\C\problem3链表\Debug\problem3链表.pdb" /SUBSYSTEM:CONSOLE /TLBID:1 /DYNAMICBASE /NXCOMPAT /IMPLIB:"G:\MJX\C\problem3链表\Debug\problem3链表.lib" /MACHINE:X86 Debug\src.obj
         problem3链表.vcxproj -> G:\MJX\C\problem3链表\Debug\problem3链表.exe
     1>已完成生成项目“G:\MJX\C\problem3链表\problem3链表\problem3链表.vcxproj”(Build 个目标)的操作。

生成成功。

已用时间 00:00:01.74
