生成启动时间为 2018/11/18 17:39:01。
     1>项目“G:\MJX\C\结构体运用（多点均值）\结构体运用（多点均值）\结构体运用（多点均值）.vcxproj”在节点 2 上(Build 个目标)。
     1>ClCompile:
         F:\软件库\VC\bin\CL.exe /c /ZI /nologo /W3 /WX- /Od /Oy- /D WIN32 /D _DEBUG /D _CONSOLE /D _LIB /D _UNICODE /D UNICODE /Gm /EHsc /RTC1 /MDd /GS /fp:precise /Zc:wchar_t /Zc:forScope /Fo"Debug\\" /Fd"Debug\vc120.pdb" /Gd /TC /analyze- /errorReport:prompt src.c
         src.c
     1>g:\mjx\c\结构体运用（多点均值）\结构体运用（多点均值）\src.c(18): warning C4996: 'scanf': This function or variable may be unsafe. Consider using scanf_s instead. To disable deprecation, use _CRT_SECURE_NO_WARNINGS. See online help for details.
                 f:\软件库\vc\include\stdio.h(283) : 参见“scanf”的声明
     1>g:\mjx\c\结构体运用（多点均值）\结构体运用（多点均值）\src.c(32): warning C4013: “calloc”未定义；假设外部返回 int
     1>g:\mjx\c\结构体运用（多点均值）\结构体运用（多点均值）\src.c(32): warning C4133: “=”: 从“double *”到“Point *”的类型不兼容
     1>g:\mjx\c\结构体运用（多点均值）\结构体运用（多点均值）\src.c(35): warning C4996: 'scanf': This function or variable may be unsafe. Consider using scanf_s instead. To disable deprecation, use _CRT_SECURE_NO_WARNINGS. See online help for details.
                 f:\软件库\vc\include\stdio.h(283) : 参见“scanf”的声明
     1>g:\mjx\c\结构体运用（多点均值）\结构体运用（多点均值）\src.c(36): warning C4996: 'scanf': This function or variable may be unsafe. Consider using scanf_s instead. To disable deprecation, use _CRT_SECURE_NO_WARNINGS. See online help for details.
                 f:\软件库\vc\include\stdio.h(283) : 参见“scanf”的声明
     1>g:\mjx\c\结构体运用（多点均值）\结构体运用（多点均值）\src.c(40): warning C4013: “free”未定义；假设外部返回 int
       Link:
         F:\软件库\VC\bin\link.exe /ERRORREPORT:PROMPT /OUT:"G:\MJX\C\结构体运用（多点均值）\Debug\结构体运用（多点均值）.exe" /INCREMENTAL /NOLOGO kernel32.lib user32.lib gdi32.lib winspool.lib comdlg32.lib advapi32.lib shell32.lib ole32.lib oleaut32.lib uuid.lib odbc32.lib odbccp32.lib /MANIFEST /MANIFESTUAC:"level='asInvoker' uiAccess='false'" /manifest:embed /DEBUG /PDB:"G:\MJX\C\结构体运用（多点均值）\Debug\结构体运用（多点均值）.pdb" /SUBSYSTEM:CONSOLE /TLBID:1 /DYNAMICBASE /NXCOMPAT /IMPLIB:"G:\MJX\C\结构体运用（多点均值）\Debug\结构体运用（多点均值）.lib" /MACHINE:X86 Debug\src.obj
         结构体运用（多点均值）.vcxproj -> G:\MJX\C\结构体运用（多点均值）\Debug\结构体运用（多点均值）.exe
     1>已完成生成项目“G:\MJX\C\结构体运用（多点均值）\结构体运用（多点均值）\结构体运用（多点均值）.vcxproj”(Build 个目标)的操作。

生成成功。

已用时间 00:00:00.36
