生成启动时间为 2018/9/11 22:18:46。
     1>项目“G:\MJX\C\Binary first order equation system solution\Binary first order equation system solution\Binary first order equation system solution.vcxproj”在节点 2 上(build 个目标)。
     1>InitializeBuildStatus:
         正在创建“Debug\Binary first order equation system solution.unsuccessfulbuild”，因为已指定“AlwaysCreate”。
       ClCompile:
         D:\Program Files (x86)\Microsoft Visual Studio 10.0\VC\bin\CL.exe /c /ZI /nologo /W3 /WX- /Od /Oy- /D WIN32 /D _DEBUG /D _CONSOLE /D _UNICODE /D UNICODE /Gm /EHsc /RTC1 /MDd /GS /fp:precise /Zc:wchar_t /Zc:forScope /Fo"Debug\\" /Fd"Debug\vc100.pdb" /Gd /TP /analyze- /errorReport:prompt solution.cpp
         solution.cpp
     1>g:\mjx\c\binary first order equation system solution\binary first order equation system solution\solution.cpp(13): warning C4996: 'scanf': This function or variable may be unsafe. Consider using scanf_s instead. To disable deprecation, use _CRT_SECURE_NO_WARNINGS. See online help for details.
                 d:\program files (x86)\microsoft visual studio 10.0\vc\include\stdio.h(304) : 参见“scanf”的声明
     1>g:\mjx\c\binary first order equation system solution\binary first order equation system solution\solution.cpp(23): warning C4717: “main”: 如递归所有控件路径，函数将导致运行时堆栈溢出
       ManifestResourceCompile:
         所有输出均为最新。
       Link:
         D:\Program Files (x86)\Microsoft Visual Studio 10.0\VC\bin\link.exe /ERRORREPORT:PROMPT /OUT:"G:\MJX\C\Binary first order equation system solution\Debug\Binary first order equation system solution.exe" /INCREMENTAL /NOLOGO kernel32.lib user32.lib gdi32.lib winspool.lib comdlg32.lib advapi32.lib shell32.lib ole32.lib oleaut32.lib uuid.lib odbc32.lib odbccp32.lib /MANIFEST /ManifestFile:"Debug\Binary first order equation system solution.exe.intermediate.manifest" /MANIFESTUAC:"level='asInvoker' uiAccess='false'" /DEBUG /PDB:"G:\MJX\C\Binary first order equation system solution\Debug\Binary first order equation system solution.pdb" /SUBSYSTEM:CONSOLE /TLBID:1 /DYNAMICBASE /NXCOMPAT /IMPLIB:"G:\MJX\C\Binary first order equation system solution\Debug\Binary first order equation system solution.lib" /MACHINE:X86 "Debug\Binary first order equation system solution.exe.embed.manifest.res"
         Debug\solution.obj
       Manifest:
         C:\Program Files (x86)\Microsoft SDKs\Windows\v7.0A\bin\mt.exe /nologo /verbose /out:"Debug\Binary first order equation system solution.exe.embed.manifest" /manifest "Debug\Binary first order equation system solution.exe.intermediate.manifest"
         所有输出均为最新。
       LinkEmbedManifest:
         所有输出均为最新。
         Binary first order equation system solution.vcxproj -> G:\MJX\C\Binary first order equation system solution\Debug\Binary first order equation system solution.exe
       FinalizeBuildStatus:
         正在删除文件“Debug\Binary first order equation system solution.unsuccessfulbuild”。
         正在对“Debug\Binary first order equation system solution.lastbuildstate”执行 Touch 任务。
     1>已完成生成项目“G:\MJX\C\Binary first order equation system solution\Binary first order equation system solution\Binary first order equation system solution.vcxproj”(build 个目标)的操作。

生成成功。

已用时间 00:00:00.42
