生成启动时间为 2018/11/21 18:43:57。
     1>项目“G:\MJX\C\1072回形取数\1072回形取数\1072回形取数.vcxproj”在节点 2 上(Build 个目标)。
     1>ClCompile:
         F:\软件库\VC\bin\CL.exe /c /ZI /nologo /W3 /WX- /Od /Oy- /D WIN32 /D _DEBUG /D _CONSOLE /D _LIB /D _UNICODE /D UNICODE /Gm /EHsc /RTC1 /MDd /GS /fp:precise /Zc:wchar_t /Zc:forScope /Fo"Debug\\" /Fd"Debug\vc120.pdb" /Gd /TC /analyze- /errorReport:prompt src.c src2.c
         src2.c
     1>g:\mjx\c\1072回形取数\1072回形取数\src2.c(7): warning C4996: 'scanf': This function or variable may be unsafe. Consider using scanf_s instead. To disable deprecation, use _CRT_SECURE_NO_WARNINGS. See online help for details.
                 f:\软件库\vc\include\stdio.h(283) : 参见“scanf”的声明
     1>g:\mjx\c\1072回形取数\1072回形取数\src2.c(13): warning C4996: 'scanf': This function or variable may be unsafe. Consider using scanf_s instead. To disable deprecation, use _CRT_SECURE_NO_WARNINGS. See online help for details.
                 f:\软件库\vc\include\stdio.h(283) : 参见“scanf”的声明
         src.c
     1>g:\mjx\c\1072回形取数\1072回形取数\src.c(11): warning C4996: 'scanf': This function or variable may be unsafe. Consider using scanf_s instead. To disable deprecation, use _CRT_SECURE_NO_WARNINGS. See online help for details.
                 f:\软件库\vc\include\stdio.h(283) : 参见“scanf”的声明
     1>g:\mjx\c\1072回形取数\1072回形取数\src.c(22): warning C4996: 'scanf': This function or variable may be unsafe. Consider using scanf_s instead. To disable deprecation, use _CRT_SECURE_NO_WARNINGS. See online help for details.
                 f:\软件库\vc\include\stdio.h(283) : 参见“scanf”的声明
         正在生成代码...
       Link:
         F:\软件库\VC\bin\link.exe /ERRORREPORT:PROMPT /OUT:"G:\MJX\C\1072回形取数\Debug\1072回形取数.exe" /INCREMENTAL /NOLOGO kernel32.lib user32.lib gdi32.lib winspool.lib comdlg32.lib advapi32.lib shell32.lib ole32.lib oleaut32.lib uuid.lib odbc32.lib odbccp32.lib /MANIFEST /MANIFESTUAC:"level='asInvoker' uiAccess='false'" /manifest:embed /DEBUG /PDB:"G:\MJX\C\1072回形取数\Debug\1072回形取数.pdb" /SUBSYSTEM:CONSOLE /TLBID:1 /DYNAMICBASE /NXCOMPAT /IMPLIB:"G:\MJX\C\1072回形取数\Debug\1072回形取数.lib" /MACHINE:X86 Debug\src.obj
         Debug\src2.obj
     1>src2.obj : error LNK2005: _main 已经在 src.obj 中定义
     1>G:\MJX\C\1072回形取数\Debug\1072回形取数.exe : fatal error LNK1169: 找到一个或多个多重定义的符号
     1>已完成生成项目“G:\MJX\C\1072回形取数\1072回形取数\1072回形取数.vcxproj”(Build 个目标)的操作 - 失败。

生成失败。

已用时间 00:00:00.60
