g:\mjx\c\666\666\debug\666.obj
g:\mjx\c\666\666\debug\vc100.pdb
g:\mjx\c\666\debug\666.ilk
g:\mjx\c\666\debug\666.exe
g:\mjx\c\666\666\debug\666.exe.intermediate.manifest
g:\mjx\c\666\debug\666.pdb
g:\mjx\c\666\666\debug\666.exe.embed.manifest
g:\mjx\c\666\666\debug\666.exe.embed.manifest.res
g:\mjx\c\666\666\debug\666.vcxprojresolveassemblyreference.cache
g:\mjx\c\666\666\debug\666.write.1.tlog
g:\mjx\c\666\666\debug\cl.command.1.tlog
g:\mjx\c\666\666\debug\cl.read.1.tlog
g:\mjx\c\666\666\debug\cl.write.1.tlog
g:\mjx\c\666\666\debug\link-cvtres.read.1.tlog
g:\mjx\c\666\666\debug\link-cvtres.write.1.tlog
g:\mjx\c\666\666\debug\link.12936-cvtres.read.1.tlog
g:\mjx\c\666\666\debug\link.12936-cvtres.write.1.tlog
g:\mjx\c\666\666\debug\link.12936.read.1.tlog
g:\mjx\c\666\666\debug\link.12936.write.1.tlog
g:\mjx\c\666\666\debug\link.command.1.tlog
g:\mjx\c\666\666\debug\link.read.1.tlog
g:\mjx\c\666\666\debug\link.write.1.tlog
g:\mjx\c\666\666\debug\mt.command.1.tlog
g:\mjx\c\666\666\debug\mt.read.1.tlog
g:\mjx\c\666\666\debug\mt.write.1.tlog
g:\mjx\c\666\666\debug\rc.command.1.tlog
g:\mjx\c\666\666\debug\rc.read.1.tlog
g:\mjx\c\666\666\debug\rc.write.1.tlog
g:\mjx\c\666\666\debug\vc100.idb
g:\mjx\c\666\666\debug\666_manifest.rc
