生成启动时间为 2018/9/14 23:20:03。
     1>项目“G:\MJX\C\just do it\just do it\just do it.vcxproj”在节点 2 上(build 个目标)。
     1>InitializeBuildStatus:
         正在创建“Debug\just do it.unsuccessfulbuild”，因为已指定“AlwaysCreate”。
       ClCompile:
         D:\Program Files (x86)\Microsoft Visual Studio 10.0\VC\bin\CL.exe /c /ZI /nologo /W3 /WX- /Od /Oy- /D WIN32 /D _DEBUG /D _CONSOLE /D _UNICODE /D UNICODE /Gm /EHsc /RTC1 /MDd /GS /fp:precise /Zc:wchar_t /Zc:forScope /Fo"Debug\\" /Fd"Debug\vc100.pdb" /Gd /TP /analyze- /errorReport:prompt "just do it.cpp"
         just do it.cpp
     1>g:\mjx\c\just do it\just do it\just do it.cpp(8): warning C4996: 'scanf': This function or variable may be unsafe. Consider using scanf_s instead. To disable deprecation, use _CRT_SECURE_NO_WARNINGS. See online help for details.
                 d:\program files (x86)\microsoft visual studio 10.0\vc\include\stdio.h(304) : 参见“scanf”的声明
       ManifestResourceCompile:
         所有输出均为最新。
       Link:
         D:\Program Files (x86)\Microsoft Visual Studio 10.0\VC\bin\link.exe /ERRORREPORT:PROMPT /OUT:"G:\MJX\C\just do it\Debug\just do it.exe" /INCREMENTAL /NOLOGO kernel32.lib user32.lib gdi32.lib winspool.lib comdlg32.lib advapi32.lib shell32.lib ole32.lib oleaut32.lib uuid.lib odbc32.lib odbccp32.lib /MANIFEST /ManifestFile:"Debug\just do it.exe.intermediate.manifest" /MANIFESTUAC:"level='asInvoker' uiAccess='false'" /DEBUG /PDB:"G:\MJX\C\just do it\Debug\just do it.pdb" /SUBSYSTEM:CONSOLE /TLBID:1 /DYNAMICBASE /NXCOMPAT /IMPLIB:"G:\MJX\C\just do it\Debug\just do it.lib" /MACHINE:X86 "Debug\just do it.exe.embed.manifest.res"
         "Debug\just do it.obj"
       Manifest:
         C:\Program Files (x86)\Microsoft SDKs\Windows\v7.0A\bin\mt.exe /nologo /verbose /out:"Debug\just do it.exe.embed.manifest" /manifest "Debug\just do it.exe.intermediate.manifest"
         所有输出均为最新。
       LinkEmbedManifest:
         所有输出均为最新。
         just do it.vcxproj -> G:\MJX\C\just do it\Debug\just do it.exe
       FinalizeBuildStatus:
         正在删除文件“Debug\just do it.unsuccessfulbuild”。
         正在对“Debug\just do it.lastbuildstate”执行 Touch 任务。
     1>已完成生成项目“G:\MJX\C\just do it\just do it\just do it.vcxproj”(build 个目标)的操作。

生成成功。

已用时间 00:00:00.94
