g:\mjx\ascii码转字符\字符转ascii码\字符转ascii码\debug\vc120.pdb
g:\mjx\ascii码转字符\字符转ascii码\字符转ascii码\debug\vc120.idb
g:\mjx\ascii码转字符\字符转ascii码\字符转ascii码\debug\源.nativecodeanalysis.xml
g:\mjx\ascii码转字符\字符转ascii码\字符转ascii码\debug\源.obj
g:\mjx\ascii码转字符\字符转ascii码\debug\字符转ascii码.ilk
g:\mjx\ascii码转字符\字符转ascii码\debug\字符转ascii码.exe
g:\mjx\ascii码转字符\字符转ascii码\debug\字符转ascii码.pdb
g:\mjx\c\字符转ascii码\字符转ascii码\debug\源.obj
g:\mjx\c\字符转ascii码\字符转ascii码\debug\nativecodeanalysis.read.1.tlog
g:\mjx\c\字符转ascii码\字符转ascii码\debug\vc120.idb
g:\mjx\c\字符转ascii码\字符转ascii码\debug\vc120.pdb
g:\mjx\c\字符转ascii码\字符转ascii码\debug\vc.nativecodeanalysis.all.xml
g:\mjx\c\字符转ascii码\字符转ascii码\debug\源.nativecodeanalysis.xml
g:\mjx\c\字符转ascii码\debug\字符转ascii码.pdb
g:\mjx\c\字符转ascii码\debug\字符转ascii码.exe
g:\mjx\c\字符转ascii码\debug\字符转ascii码.ilk
g:\mjx\c\字符转ascii码\debug\字符转ascii码.exe.lastcodeanalysissucceeded
g:\mjx\c\字符转ascii码\字符转ascii码\debug\字符转ascii码.tlog\cl.command.1.tlog
g:\mjx\c\字符转ascii码\字符转ascii码\debug\字符转ascii码.tlog\cl.read.1.tlog
g:\mjx\c\字符转ascii码\字符转ascii码\debug\字符转ascii码.tlog\cl.write.1.tlog
g:\mjx\c\字符转ascii码\字符转ascii码\debug\字符转ascii码.tlog\link.command.1.tlog
g:\mjx\c\字符转ascii码\字符转ascii码\debug\字符转ascii码.tlog\link.read.1.tlog
g:\mjx\c\字符转ascii码\字符转ascii码\debug\字符转ascii码.tlog\link.write.1.tlog
